<?xml version="1.0" encoding="UTF-8"?>
<!-- Generated by org.testng.reporters.JUnitReportReporter -->
<testsuite hostname="TYSS-Basavaraj" failures="0" tests="1" name="com.comcast.crm.leadtest.E2ELeadTest" time="75.962" errors="0" timestamp="04 Jun 2024 05:42:55 GMT" skipped="0">
  <testcase classname="com.comcast.crm.leadtest.E2ELeadTest" name="convert_Lead_To_Opportunity" time="75.962"/>
</testsuite> <!-- com.comcast.crm.leadtest.E2ELeadTest -->
