<?xml version="1.0" encoding="UTF-8"?>
<!-- Generated by org.testng.reporters.JUnitReportReporter -->
<testsuite hostname="FFE-Asha-R" failures="0" tests="1" name="com.comcast.crm.oppotunityTest.OpportunityTest" time="24.515" errors="0" timestamp="04 Jun 2024 07:32:39 GMT" skipped="0">
  <testcase classname="com.comcast.crm.oppotunityTest.OpportunityTest" name="add_Quote_To_OpportunityTest" time="24.515"/>
</testsuite> <!-- com.comcast.crm.oppotunityTest.OpportunityTest -->
