<?xml version="1.0" encoding="UTF-8"?>
<!-- Generated by org.testng.reporters.JUnitReportReporter -->
<testsuite hostname="Raghav" failures="0" tests="1" name="com.comcast.crm.campaigns.AddcontactToCampaign" time="203.735" errors="0" timestamp="04 Jun 2024 07:27:16 GMT" skipped="0">
  <testcase classname="com.comcast.crm.campaigns.AddcontactToCampaign" name="add_Contact_To_Campaigns" time="203.735"/>
</testsuite> <!-- com.comcast.crm.campaigns.AddcontactToCampaign -->
