<?xml version="1.0" encoding="UTF-8"?>
<!-- Generated by org.testng.reporters.JUnitReportReporter -->
<testsuite hostname="TYSS-Basavaraj" failures="0" tests="1" name="com.comcast.crm.leadtest.CreateLeadTest" time="10.377" errors="0" timestamp="04 Jun 2024 07:58:30 GMT" skipped="0">
  <testcase classname="com.comcast.crm.leadtest.CreateLeadTest" name="create_Lead_With_Mandatory_Fields" time="10.377"/>
</testsuite> <!-- com.comcast.crm.leadtest.CreateLeadTest -->
