<?xml version="1.0" encoding="UTF-8"?>
<!-- Generated by org.testng.reporters.JUnitReportReporter -->
<testsuite hostname="FFE-Asha-R" failures="0" tests="1" name="com.comcast.crm.oppotunityTest.OpportunityTest" time="52.547" errors="0" timestamp="04 Jun 2024 05:56:29 GMT" skipped="0">
  <testcase classname="com.comcast.crm.oppotunityTest.OpportunityTest" name="Add_Document_to_OpportunityTest" time="52.547"/>
</testsuite> <!-- com.comcast.crm.oppotunityTest.OpportunityTest -->
