<?xml version="1.0" encoding="UTF-8"?>
<!-- Generated by org.testng.reporters.JUnitReportReporter -->
<<<<<<< HEAD
<testsuite hostname="TYSS-Basavaraj" failures="0" tests="1" name="com.comcast.crm.producttest.CreateProductTest" time="19.742" errors="0" timestamp="04 Jun 2024 07:01:23 GMT" skipped="0">
  <testcase classname="com.comcast.crm.producttest.CreateProductTest" name="Add_Leads_For_Products" time="19.742"/>
=======
<testsuite hostname="TYSS-Sanjay" failures="0" tests="1" name="com.comcast.crm.producttest.CreateProductTest" time="16.169" errors="0" timestamp="04 Jun 2024 07:48:52 GMT" skipped="0">
  <testcase classname="com.comcast.crm.producttest.CreateProductTest" name="Add_Leads_For_Products" time="16.169"/>
>>>>>>> branch 'master' of https://github.com/Basavaraj-A-Patil/GUIFramework.git
</testsuite> <!-- com.comcast.crm.producttest.CreateProductTest -->
